<?xml version="1.0" encoding="UTF-8"?>
<testsuite name="com.example.calculator.CalculatorTest" tests="5" skipped="0" failures="0" errors="0" timestamp="2026-07-06T15:53:19.036Z" hostname="mo-VMware-Virtual-Platform" time="0.064">
  <properties/>
  <testcase name="testDivideByZeroThrowsException()" classname="com.example.calculator.CalculatorTest" time="0.026"/>
  <testcase name="testSum()" classname="com.example.calculator.CalculatorTest" time="0.003"/>
  <testcase name="testSubtract()" classname="com.example.calculator.CalculatorTest" time="0.001"/>
  <testcase name="testDivide()" classname="com.example.calculator.CalculatorTest" time="0.001"/>
  <testcase name="testMultiply()" classname="com.example.calculator.CalculatorTest" time="0.001"/>
  <system-out><![CDATA[]]></system-out>
  <system-err><![CDATA[]]></system-err>
</testsuite>
